CareSupport/Library/Bee/Android/Prj/Mono2x/Gradle/launcher/build/intermediates/manifest_merge_blame_file/debug/manifest-merger-blame-debug-report.txt
1<?xml version="1.0" encoding="utf-8"?>
2<manifest xmlns:android="http://schemas.android.com/apk/res/android"
3    package="com.DefaultCompany.com.unity.template.mobile2D"
4    android:installLocation="preferExternal"
5    android:versionCode="1"
6    android:versionName="1.0.2" >
7
8    <uses-sdk
9        android:minSdkVersion="22"
9-->src\main\AndroidManifest.xml
10        android:targetSdkVersion="30" />
10-->src\main\AndroidManifest.xml
11
12    <supports-screens
12-->src\main\AndroidManifest.xml:3:3-163
13        android:anyDensity="true"
13-->src\main\AndroidManifest.xml:3:135-160
14        android:largeScreens="true"
14-->src\main\AndroidManifest.xml:3:78-105
15        android:normalScreens="true"
15-->src\main\AndroidManifest.xml:3:49-77
16        android:smallScreens="true"
16-->src\main\AndroidManifest.xml:3:21-48
17        android:xlargeScreens="true" />
17-->src\main\AndroidManifest.xml:3:106-134
18
19    <uses-feature android:glEsVersion="0x00030000" />
19-->[:unityLibrary] AndroidManifest.xml:12:5-54
19-->[:unityLibrary] AndroidManifest.xml:12:19-51
20    <uses-feature
20-->[:unityLibrary] AndroidManifest.xml:13:5-15:36
21        android:name="android.hardware.vulkan.version"
21-->[:unityLibrary] AndroidManifest.xml:14:9-55
22        android:required="false" />
22-->[:unityLibrary] AndroidManifest.xml:15:9-33
23
24    <uses-permission android:name="android.permission.INTERNET" />
24-->[:unityLibrary] AndroidManifest.xml:17:5-67
24-->[:unityLibrary] AndroidManifest.xml:17:22-64
25
26    <uses-feature
26-->[:unityLibrary] AndroidManifest.xml:19:5-21:36
27        android:name="android.hardware.touchscreen"
27-->[:unityLibrary] AndroidManifest.xml:20:9-52
28        android:required="false" />
28-->[:unityLibrary] AndroidManifest.xml:21:9-33
29    <uses-feature
29-->[:unityLibrary] AndroidManifest.xml:22:5-24:36
30        android:name="android.hardware.touchscreen.multitouch"
30-->[:unityLibrary] AndroidManifest.xml:23:9-63
31        android:required="false" />
31-->[:unityLibrary] AndroidManifest.xml:24:9-33
32    <uses-feature
32-->[:unityLibrary] AndroidManifest.xml:25:5-27:36
33        android:name="android.hardware.touchscreen.multitouch.distinct"
33-->[:unityLibrary] AndroidManifest.xml:26:9-72
34        android:required="false" />
34-->[:unityLibrary] AndroidManifest.xml:27:9-33
35
36    <uses-permission android:name="android.permission.ACCESS_NETWORK_STATE" />
36-->[:com.google.android.recaptcha.recaptcha-18.1.2:] AndroidManifest.xml:8:5-79
36-->[:com.google.android.recaptcha.recaptcha-18.1.2:] AndroidManifest.xml:8:22-76
37    <uses-permission android:name="android.permission.WAKE_LOCK" />
37-->[:com.google.android.gms.play-services-measurement-sdk-api-21.3.0:] AndroidManifest.xml:25:5-68
37-->[:com.google.android.gms.play-services-measurement-sdk-api-21.3.0:] AndroidManifest.xml:25:22-65
38    <uses-permission android:name="com.google.android.gms.permission.AD_ID" />
38-->[:com.google.android.gms.play-services-measurement-sdk-api-21.3.0:] AndroidManifest.xml:26:5-79
38-->[:com.google.android.gms.play-services-measurement-sdk-api-21.3.0:] AndroidManifest.xml:26:22-76
39    <uses-permission android:name="com.google.android.finsky.permission.BIND_GET_INSTALL_REFERRER_SERVICE" />
39-->[:com.google.android.gms.play-services-measurement-impl-21.3.0:] AndroidManifest.xml:26:5-110
39-->[:com.google.android.gms.play-services-measurement-impl-21.3.0:] AndroidManifest.xml:26:22-107
40
41    <application
41-->src\main\AndroidManifest.xml:4:3-83
42        android:appComponentFactory="androidx.core.app.CoreComponentFactory"
42-->[:androidx.core.core-1.2.0:] AndroidManifest.xml:24:18-86
43        android:debuggable="true"
44        android:extractNativeLibs="true"
44-->[:unityLibrary] AndroidManifest.xml:29:18-50
45        android:icon="@mipmap/app_icon"
45-->src\main\AndroidManifest.xml:4:49-80
46        android:label="@string/app_name" >
46-->src\main\AndroidManifest.xml:4:16-48
47        <activity
47-->[:unityLibrary] AndroidManifest.xml:30:9-50:20
48            android:name="com.unity3d.player.UnityPlayerActivity"
48-->[:unityLibrary] AndroidManifest.xml:31:13-66
49            android:configChanges="mcc|mnc|locale|touchscreen|keyboard|keyboardHidden|navigation|orientation|screenLayout|uiMode|screenSize|smallestScreenSize|fontScale|layoutDirection|density"
49-->[:unityLibrary] AndroidManifest.xml:32:13-194
50            android:hardwareAccelerated="false"
50-->[:unityLibrary] AndroidManifest.xml:33:13-48
51            android:launchMode="singleTask"
51-->[:unityLibrary] AndroidManifest.xml:34:13-44
52            android:resizeableActivity="false"
52-->[:unityLibrary] AndroidManifest.xml:35:13-47
53            android:screenOrientation="fullSensor"
53-->[:unityLibrary] AndroidManifest.xml:36:13-51
54            android:theme="@style/UnityThemeSelector" >
54-->[:unityLibrary] AndroidManifest.xml:37:13-54
55            <intent-filter>
55-->[:unityLibrary] AndroidManifest.xml:38:13-42:29
56                <action android:name="android.intent.action.MAIN" />
56-->[:unityLibrary] AndroidManifest.xml:39:17-69
56-->[:unityLibrary] AndroidManifest.xml:39:25-66
57
58                <category android:name="android.intent.category.LAUNCHER" />
58-->[:unityLibrary] AndroidManifest.xml:41:17-77
58-->[:unityLibrary] AndroidManifest.xml:41:27-74
59            </intent-filter>
60
61            <meta-data
61-->[:unityLibrary] AndroidManifest.xml:44:13-46:40
62                android:name="unityplayer.UnityActivity"
62-->[:unityLibrary] AndroidManifest.xml:45:17-57
63                android:value="true" />
63-->[:unityLibrary] AndroidManifest.xml:46:17-37
64            <meta-data
64-->[:unityLibrary] AndroidManifest.xml:47:13-49:40
65                android:name="android.notch_support"
65-->[:unityLibrary] AndroidManifest.xml:48:17-53
66                android:value="true" />
66-->[:unityLibrary] AndroidManifest.xml:49:17-37
67        </activity>
68
69        <meta-data
69-->[:unityLibrary] AndroidManifest.xml:52:9-54:33
70            android:name="unity.splash-mode"
70-->[:unityLibrary] AndroidManifest.xml:53:13-45
71            android:value="0" />
71-->[:unityLibrary] AndroidManifest.xml:54:13-30
72        <meta-data
72-->[:unityLibrary] AndroidManifest.xml:55:9-57:36
73            android:name="unity.splash-enable"
73-->[:unityLibrary] AndroidManifest.xml:56:13-47
74            android:value="True" />
74-->[:unityLibrary] AndroidManifest.xml:57:13-33
75        <meta-data
75-->[:unityLibrary] AndroidManifest.xml:58:9-60:36
76            android:name="unity.launch-fullscreen"
76-->[:unityLibrary] AndroidManifest.xml:59:13-51
77            android:value="True" />
77-->[:unityLibrary] AndroidManifest.xml:60:13-33
78        <meta-data
78-->[:unityLibrary] AndroidManifest.xml:61:9-63:37
79            android:name="unity.allow-resizable-window"
79-->[:unityLibrary] AndroidManifest.xml:62:13-56
80            android:value="False" />
80-->[:unityLibrary] AndroidManifest.xml:63:13-34
81        <meta-data
81-->[:unityLibrary] AndroidManifest.xml:64:9-66:50
82            android:name="notch.config"
82-->[:unityLibrary] AndroidManifest.xml:65:13-40
83            android:value="portrait|landscape" />
83-->[:unityLibrary] AndroidManifest.xml:66:13-47
84
85        <receiver
85-->[:unityLibrary] AndroidManifest.xml:68:9-70:39
86            android:name="com.unity.androidnotifications.UnityNotificationManager"
86-->[:unityLibrary] AndroidManifest.xml:69:13-83
87            android:exported="true" />
87-->[:unityLibrary] AndroidManifest.xml:70:13-36
88        <receiver
88-->[:unityLibrary] AndroidManifest.xml:71:9-78:20
89            android:name="com.unity.androidnotifications.UnityNotificationRestartOnBootReceiver"
89-->[:unityLibrary] AndroidManifest.xml:72:13-97
90            android:enabled="false"
90-->[:unityLibrary] AndroidManifest.xml:73:13-36
91            android:exported="true" >
91-->[:unityLibrary] AndroidManifest.xml:74:13-36
92            <intent-filter>
92-->[:unityLibrary] AndroidManifest.xml:75:13-77:29
93                <action android:name="android.intent.action.BOOT_COMPLETED" />
93-->[:unityLibrary] AndroidManifest.xml:76:17-79
93-->[:unityLibrary] AndroidManifest.xml:76:25-76
94            </intent-filter>
95        </receiver>
96
97        <activity
97-->[:com.google.android.gms.play-services-base-18.2.0:] AndroidManifest.xml:20:9-22:45
98            android:name="com.google.android.gms.common.api.GoogleApiActivity"
98-->[:com.google.android.gms.play-services-base-18.2.0:] AndroidManifest.xml:20:19-85
99            android:exported="false"
99-->[:com.google.android.gms.play-services-base-18.2.0:] AndroidManifest.xml:22:19-43
100            android:theme="@android:style/Theme.Translucent.NoTitleBar" />
100-->[:com.google.android.gms.play-services-base-18.2.0:] AndroidManifest.xml:21:19-78
101
102        <provider
102-->[:com.google.firebase.firebase-common-20.3.3:] AndroidManifest.xml:20:5-252
103            android:name="com.google.firebase.provider.FirebaseInitProvider"
103-->[:com.google.firebase.firebase-common-20.3.3:] AndroidManifest.xml:20:15-79
104            android:authorities="com.DefaultCompany.com.unity.template.mobile2D.firebaseinitprovider"
104-->[:com.google.firebase.firebase-common-20.3.3:] AndroidManifest.xml:20:80-169
105            android:directBootAware="true"
105-->[:com.google.firebase.firebase-common-20.3.3:] AndroidManifest.xml:20:170-200
106            android:exported="false"
106-->[:com.google.firebase.firebase-common-20.3.3:] AndroidManifest.xml:20:201-225
107            android:initOrder="100" />
107-->[:com.google.firebase.firebase-common-20.3.3:] AndroidManifest.xml:20:226-249
108
109        <service
109-->[:com.google.firebase.firebase-common-20.3.3:] AndroidManifest.xml:21:5-164
110            android:name="com.google.firebase.components.ComponentDiscoveryService"
110-->[:com.google.firebase.firebase-common-20.3.3:] AndroidManifest.xml:21:14-85
111            android:directBootAware="true"
111-->[:com.google.firebase.firebase-common-20.3.3:] AndroidManifest.xml:21:86-116
112            android:exported="false" >
112-->[:com.google.firebase.firebase-common-20.3.3:] AndroidManifest.xml:21:117-141
113            <meta-data
113-->[:com.google.firebase.firebase-installations-17.0.1:] AndroidManifest.xml:18:13-20:85
114                android:name="com.google.firebase.components:com.google.firebase.installations.FirebaseInstallationsRegistrar"
114-->[:com.google.firebase.firebase-installations-17.0.1:] AndroidManifest.xml:19:17-127
115                android:value="com.google.firebase.components.ComponentRegistrar" />
115-->[:com.google.firebase.firebase-installations-17.0.1:] AndroidManifest.xml:20:17-82
116            <meta-data
116-->[:com.google.firebase.firebase-auth-22.1.0:] AndroidManifest.xml:69:13-71:85
117                android:name="com.google.firebase.components:com.google.firebase.auth.FirebaseAuthRegistrar"
117-->[:com.google.firebase.firebase-auth-22.1.0:] AndroidManifest.xml:70:17-109
118                android:value="com.google.firebase.components.ComponentRegistrar" />
118-->[:com.google.firebase.firebase-auth-22.1.0:] AndroidManifest.xml:71:17-82
119            <meta-data
119-->[:com.google.android.gms.play-services-measurement-api-21.3.0:] AndroidManifest.xml:31:13-33:85
120                android:name="com.google.firebase.components:com.google.firebase.analytics.connector.internal.AnalyticsConnectorRegistrar"
120-->[:com.google.android.gms.play-services-measurement-api-21.3.0:] AndroidManifest.xml:32:17-139
121                android:value="com.google.firebase.components.ComponentRegistrar" />
121-->[:com.google.android.gms.play-services-measurement-api-21.3.0:] AndroidManifest.xml:33:17-82
122        </service>
123
124        <meta-data
124-->[:com.google.android.gms.play-services-basement-18.1.0:] AndroidManifest.xml:21:9-23:69
125            android:name="com.google.android.gms.version"
125-->[:com.google.android.gms.play-services-basement-18.1.0:] AndroidManifest.xml:22:13-58
126            android:value="@integer/google_play_services_version" />
126-->[:com.google.android.gms.play-services-basement-18.1.0:] AndroidManifest.xml:23:13-66
127
128        <activity
128-->[:com.google.firebase.firebase-auth-22.1.0:] AndroidManifest.xml:29:9-46:20
129            android:name="com.google.firebase.auth.internal.GenericIdpActivity"
129-->[:com.google.firebase.firebase-auth-22.1.0:] AndroidManifest.xml:30:13-80
130            android:excludeFromRecents="true"
130-->[:com.google.firebase.firebase-auth-22.1.0:] AndroidManifest.xml:31:13-46
131            android:exported="true"
131-->[:com.google.firebase.firebase-auth-22.1.0:] AndroidManifest.xml:32:13-36
132            android:launchMode="singleTask"
132-->[:com.google.firebase.firebase-auth-22.1.0:] AndroidManifest.xml:33:13-44
133            android:theme="@android:style/Theme.Translucent.NoTitleBar" >
133-->[:com.google.firebase.firebase-auth-22.1.0:] AndroidManifest.xml:34:13-72
134            <intent-filter>
134-->[:com.google.firebase.firebase-auth-22.1.0:] AndroidManifest.xml:35:13-45:29
135                <action android:name="android.intent.action.VIEW" />
135-->[:com.google.firebase.firebase-auth-22.1.0:] AndroidManifest.xml:36:17-69
135-->[:com.google.firebase.firebase-auth-22.1.0:] AndroidManifest.xml:36:25-66
136
137                <category android:name="android.intent.category.DEFAULT" />
137-->[:com.google.firebase.firebase-auth-22.1.0:] AndroidManifest.xml:38:17-76
137-->[:com.google.firebase.firebase-auth-22.1.0:] AndroidManifest.xml:38:27-73
138                <category android:name="android.intent.category.BROWSABLE" />
138-->[:com.google.firebase.firebase-auth-22.1.0:] AndroidManifest.xml:39:17-78
138-->[:com.google.firebase.firebase-auth-22.1.0:] AndroidManifest.xml:39:27-75
139
140                <data
140-->[:com.google.firebase.firebase-auth-22.1.0:] AndroidManifest.xml:41:17-44:51
141                    android:host="firebase.auth"
141-->[:com.google.firebase.firebase-auth-22.1.0:] AndroidManifest.xml:42:21-49
142                    android:path="/"
142-->[:com.google.firebase.firebase-auth-22.1.0:] AndroidManifest.xml:43:21-37
143                    android:scheme="genericidp" />
143-->[:com.google.firebase.firebase-auth-22.1.0:] AndroidManifest.xml:44:21-48
144            </intent-filter>
145        </activity>
146        <activity
146-->[:com.google.firebase.firebase-auth-22.1.0:] AndroidManifest.xml:47:9-64:20
147            android:name="com.google.firebase.auth.internal.RecaptchaActivity"
147-->[:com.google.firebase.firebase-auth-22.1.0:] AndroidManifest.xml:48:13-79
148            android:excludeFromRecents="true"
148-->[:com.google.firebase.firebase-auth-22.1.0:] AndroidManifest.xml:49:13-46
149            android:exported="true"
149-->[:com.google.firebase.firebase-auth-22.1.0:] AndroidManifest.xml:50:13-36
150            android:launchMode="singleTask"
150-->[:com.google.firebase.firebase-auth-22.1.0:] AndroidManifest.xml:51:13-44
151            android:theme="@android:style/Theme.Translucent.NoTitleBar" >
151-->[:com.google.firebase.firebase-auth-22.1.0:] AndroidManifest.xml:52:13-72
152            <intent-filter>
152-->[:com.google.firebase.firebase-auth-22.1.0:] AndroidManifest.xml:53:13-63:29
153                <action android:name="android.intent.action.VIEW" />
153-->[:com.google.firebase.firebase-auth-22.1.0:] AndroidManifest.xml:36:17-69
153-->[:com.google.firebase.firebase-auth-22.1.0:] AndroidManifest.xml:36:25-66
154
155                <category android:name="android.intent.category.DEFAULT" />
155-->[:com.google.firebase.firebase-auth-22.1.0:] AndroidManifest.xml:38:17-76
155-->[:com.google.firebase.firebase-auth-22.1.0:] AndroidManifest.xml:38:27-73
156                <category android:name="android.intent.category.BROWSABLE" />
156-->[:com.google.firebase.firebase-auth-22.1.0:] AndroidManifest.xml:39:17-78
156-->[:com.google.firebase.firebase-auth-22.1.0:] AndroidManifest.xml:39:27-75
157
158                <data
158-->[:com.google.firebase.firebase-auth-22.1.0:] AndroidManifest.xml:41:17-44:51
159                    android:host="firebase.auth"
159-->[:com.google.firebase.firebase-auth-22.1.0:] AndroidManifest.xml:42:21-49
160                    android:path="/"
160-->[:com.google.firebase.firebase-auth-22.1.0:] AndroidManifest.xml:43:21-37
161                    android:scheme="recaptcha" />
161-->[:com.google.firebase.firebase-auth-22.1.0:] AndroidManifest.xml:44:21-48
162            </intent-filter>
163        </activity>
164
165        <receiver
165-->[:com.google.android.gms.play-services-measurement-21.3.0:] AndroidManifest.xml:29:9-33:20
166            android:name="com.google.android.gms.measurement.AppMeasurementReceiver"
166-->[:com.google.android.gms.play-services-measurement-21.3.0:] AndroidManifest.xml:30:13-85
167            android:enabled="true"
167-->[:com.google.android.gms.play-services-measurement-21.3.0:] AndroidManifest.xml:31:13-35
168            android:exported="false" >
168-->[:com.google.android.gms.play-services-measurement-21.3.0:] AndroidManifest.xml:32:13-37
169        </receiver>
170
171        <service
171-->[:com.google.android.gms.play-services-measurement-21.3.0:] AndroidManifest.xml:35:9-38:40
172            android:name="com.google.android.gms.measurement.AppMeasurementService"
172-->[:com.google.android.gms.play-services-measurement-21.3.0:] AndroidManifest.xml:36:13-84
173            android:enabled="true"
173-->[:com.google.android.gms.play-services-measurement-21.3.0:] AndroidManifest.xml:37:13-35
174            android:exported="false" />
174-->[:com.google.android.gms.play-services-measurement-21.3.0:] AndroidManifest.xml:38:13-37
175        <service
175-->[:com.google.android.gms.play-services-measurement-21.3.0:] AndroidManifest.xml:39:9-43:72
176            android:name="com.google.android.gms.measurement.AppMeasurementJobService"
176-->[:com.google.android.gms.play-services-measurement-21.3.0:] AndroidManifest.xml:40:13-87
177            android:enabled="true"
177-->[:com.google.android.gms.play-services-measurement-21.3.0:] AndroidManifest.xml:41:13-35
178            android:exported="false"
178-->[:com.google.android.gms.play-services-measurement-21.3.0:] AndroidManifest.xml:42:13-37
179            android:permission="android.permission.BIND_JOB_SERVICE" />
179-->[:com.google.android.gms.play-services-measurement-21.3.0:] AndroidManifest.xml:43:13-69
180    </application>
181
182</manifest>